2024-09-16 15:48:49 INFO  o.h.validator.internal.util.Version - HV000001: Hibernate Validator 8.0.1.Final
2024-09-16 15:48:49 INFO  o.e.s.SpringBootProjectApplication - Starting SpringBootProjectApplication using Java 22.0.2 with PID 12524 (D:\VMO\SpringBootProject\backend\target\classes started by chien in D:\VMO\SpringBootProject\backend)
2024-09-16 15:48:49 INFO  o.e.s.SpringBootProjectApplication - No active profile set, falling back to 1 default profile: "default"
2024-09-16 15:48:49 INFO  o.s.b.d.e.DevToolsPropertyDefaultsPostProcessor - Devtools property defaults active! Set 'spring.devtools.add-properties' to 'false' to disable
2024-09-16 15:48:49 INFO  o.s.b.d.e.DevToolsPropertyDefaultsPostProcessor - For additional web related logging consider setting the 'logging.level.web' property to 'DEBUG'
2024-09-16 15:48:50 INFO  o.s.d.r.c.RepositoryConfigurationDelegate - Bootstrapping Spring Data JPA repositories in DEFAULT mode.
2024-09-16 15:48:50 INFO  o.s.d.r.c.RepositoryConfigurationDelegate - Finished Spring Data repository scanning in 63 ms. Found 3 JPA repository interfaces.
2024-09-16 15:48:51 INFO  o.s.b.w.e.tomcat.TomcatWebServer - Tomcat initialized with port 8080 (http)
2024-09-16 15:48:51 INFO  o.a.coyote.http11.Http11NioProtocol - Initializing ProtocolHandler ["http-nio-8080"]
2024-09-16 15:48:51 INFO  o.a.catalina.core.StandardService - Starting service [Tomcat]
2024-09-16 15:48:51 INFO  o.a.catalina.core.StandardEngine - Starting Servlet engine: [Apache Tomcat/10.1.28]
2024-09-16 15:48:51 INFO  o.a.c.c.C.[Tomcat].[localhost].[/] - Initializing Spring embedded WebApplicationContext
2024-09-16 15:48:51 INFO  o.s.b.w.s.c.ServletWebServerApplicationContext - Root WebApplicationContext: initialization completed in 2192 ms
2024-09-16 15:48:51 INFO  o.h.jpa.internal.util.LogHelper - HHH000204: Processing PersistenceUnitInfo [name: default]
2024-09-16 15:48:51 INFO  org.hibernate.Version - HHH000412: Hibernate ORM core version 6.5.2.Final
2024-09-16 15:48:52 INFO  o.h.c.i.RegionFactoryInitiator - HHH000026: Second-level cache disabled
2024-09-16 15:48:52 INFO  o.s.o.j.p.SpringPersistenceUnitInfo - No LoadTimeWeaver setup: ignoring JPA class transformer
2024-09-16 15:48:52 INFO  com.zaxxer.hikari.HikariDataSource - HikariPool-1 - Starting...
2024-09-16 15:48:52 INFO  com.zaxxer.hikari.pool.HikariPool - HikariPool-1 - Added connection com.mysql.cj.jdbc.ConnectionImpl@19c1ed5c
2024-09-16 15:48:52 INFO  com.zaxxer.hikari.HikariDataSource - HikariPool-1 - Start completed.
2024-09-16 15:48:53 INFO  o.h.e.t.j.p.i.JtaPlatformInitiator - HHH000489: No JTA platform available (set 'hibernate.transaction.jta.platform' to enable JTA platform integration)
2024-09-16 15:48:53 INFO  o.s.o.j.LocalContainerEntityManagerFactoryBean - Initialized JPA EntityManagerFactory for persistence unit 'default'
2024-09-16 15:48:54 INFO  o.s.d.j.r.query.QueryEnhancerFactory - Hibernate is in classpath; If applicable, HQL parser will be used.
2024-09-16 15:48:55 WARN  o.s.b.a.o.j.JpaBaseConfiguration$JpaWebConfiguration - spring.jpa.open-in-view is enabled by default. Therefore, database queries may be performed during view rendering. Explicitly configure spring.jpa.open-in-view to disable this warning
2024-09-16 15:48:55 INFO  o.s.s.c.a.a.c.InitializeAuthenticationProviderBeanManagerConfigurer$InitializeAuthenticationProviderManagerConfigurer - Global AuthenticationManager configured with AuthenticationProvider bean with name authenticationProvider
2024-09-16 15:48:55 WARN  o.s.s.c.a.a.c.InitializeUserDetailsBeanManagerConfigurer$InitializeUserDetailsManagerConfigurer - Global AuthenticationManager configured with an AuthenticationProvider bean. UserDetailsService beans will not be used for username/password login. Consider removing the AuthenticationProvider bean. Alternatively, consider using the UserDetailsService in a manually instantiated DaoAuthenticationProvider.
2024-09-16 15:48:55 INFO  o.s.b.a.w.s.WelcomePageHandlerMapping - Adding welcome page: class path resource [static/index.html]
2024-09-16 15:48:55 INFO  o.s.b.d.a.OptionalLiveReloadServer - LiveReload server is running on port 35729
2024-09-16 15:48:55 INFO  o.a.coyote.http11.Http11NioProtocol - Starting ProtocolHandler ["http-nio-8080"]
2024-09-16 15:48:55 INFO  o.s.b.w.e.tomcat.TomcatWebServer - Tomcat started on port 8080 (http) with context path '/'
2024-09-16 15:48:55 INFO  o.e.s.SpringBootProjectApplication - Started SpringBootProjectApplication in 6.933 seconds (process running for 8.03)
2024-09-16 15:49:13 INFO  o.a.c.c.C.[Tomcat].[localhost].[/] - Initializing Spring DispatcherServlet 'dispatcherServlet'
2024-09-16 15:49:13 INFO  o.s.web.servlet.DispatcherServlet - Initializing Servlet 'dispatcherServlet'
2024-09-16 15:49:13 INFO  o.s.web.servlet.DispatcherServlet - Completed initialization in 1 ms
2024-09-16 15:49:14 WARN  o.s.w.s.m.m.a.ExceptionHandlerExceptionResolver - Resolved [org.springframework.web.bind.MethodArgumentNotValidException: Validation failed for argument [1] in public org.springframework.http.ResponseEntity<org.example.springbootproject.payload.response.ApiResponse<org.example.springbootproject.dto.UserDto>> org.example.springbootproject.controller.UserController.update(int,org.example.springbootproject.payload.request.ProfileUpdateRequest): [Error in object 'profileUpdateRequest': codes [FieldDuplicate.profileUpdateRequest,FieldDuplicate]; arguments [org.springframework.context.support.DefaultMessageSourceResolvable: codes [profileUpdateRequest]; arguments []; default message [],email,id]; default message [E-CM-007]] ]
2024-09-16 15:50:37 INFO  o.s.o.j.LocalContainerEntityManagerFactoryBean - Closing JPA EntityManagerFactory for persistence unit 'default'
2024-09-16 15:50:37 INFO  com.zaxxer.hikari.HikariDataSource - HikariPool-1 - Shutdown initiated...
2024-09-16 15:50:37 INFO  com.zaxxer.hikari.HikariDataSource - HikariPool-1 - Shutdown completed.
2024-09-16 15:50:42 INFO  o.h.validator.internal.util.Version - HV000001: Hibernate Validator 8.0.1.Final
2024-09-16 15:50:42 INFO  o.e.s.SpringBootProjectApplication - Starting SpringBootProjectApplication using Java 22.0.2 with PID 17160 (D:\VMO\SpringBootProject\backend\target\classes started by chien in D:\VMO\SpringBootProject\backend)
2024-09-16 15:50:42 INFO  o.e.s.SpringBootProjectApplication - No active profile set, falling back to 1 default profile: "default"
2024-09-16 15:50:42 INFO  o.s.b.d.e.DevToolsPropertyDefaultsPostProcessor - Devtools property defaults active! Set 'spring.devtools.add-properties' to 'false' to disable
2024-09-16 15:50:42 INFO  o.s.b.d.e.DevToolsPropertyDefaultsPostProcessor - For additional web related logging consider setting the 'logging.level.web' property to 'DEBUG'
2024-09-16 15:50:43 INFO  o.s.d.r.c.RepositoryConfigurationDelegate - Bootstrapping Spring Data JPA repositories in DEFAULT mode.
2024-09-16 15:50:43 INFO  o.s.d.r.c.RepositoryConfigurationDelegate - Finished Spring Data repository scanning in 53 ms. Found 3 JPA repository interfaces.
2024-09-16 15:50:43 INFO  o.s.b.w.e.tomcat.TomcatWebServer - Tomcat initialized with port 8080 (http)
2024-09-16 15:50:43 INFO  o.a.coyote.http11.Http11NioProtocol - Initializing ProtocolHandler ["http-nio-8080"]
2024-09-16 15:50:43 INFO  o.a.catalina.core.StandardService - Starting service [Tomcat]
2024-09-16 15:50:43 INFO  o.a.catalina.core.StandardEngine - Starting Servlet engine: [Apache Tomcat/10.1.28]
2024-09-16 15:50:43 INFO  o.a.c.c.C.[Tomcat].[localhost].[/] - Initializing Spring embedded WebApplicationContext
2024-09-16 15:50:43 INFO  o.s.b.w.s.c.ServletWebServerApplicationContext - Root WebApplicationContext: initialization completed in 1558 ms
2024-09-16 15:50:44 INFO  o.h.jpa.internal.util.LogHelper - HHH000204: Processing PersistenceUnitInfo [name: default]
2024-09-16 15:50:44 INFO  org.hibernate.Version - HHH000412: Hibernate ORM core version 6.5.2.Final
2024-09-16 15:50:44 INFO  o.h.c.i.RegionFactoryInitiator - HHH000026: Second-level cache disabled
2024-09-16 15:50:44 INFO  o.s.o.j.p.SpringPersistenceUnitInfo - No LoadTimeWeaver setup: ignoring JPA class transformer
2024-09-16 15:50:44 INFO  com.zaxxer.hikari.HikariDataSource - HikariPool-1 - Starting...
2024-09-16 15:50:45 INFO  com.zaxxer.hikari.pool.HikariPool - HikariPool-1 - Added connection com.mysql.cj.jdbc.ConnectionImpl@5034180e
2024-09-16 15:50:45 INFO  com.zaxxer.hikari.HikariDataSource - HikariPool-1 - Start completed.
2024-09-16 15:50:46 INFO  o.h.e.t.j.p.i.JtaPlatformInitiator - HHH000489: No JTA platform available (set 'hibernate.transaction.jta.platform' to enable JTA platform integration)
2024-09-16 15:50:46 INFO  o.s.o.j.LocalContainerEntityManagerFactoryBean - Initialized JPA EntityManagerFactory for persistence unit 'default'
2024-09-16 15:50:46 INFO  o.s.d.j.r.query.QueryEnhancerFactory - Hibernate is in classpath; If applicable, HQL parser will be used.
2024-09-16 15:50:47 WARN  o.s.b.a.o.j.JpaBaseConfiguration$JpaWebConfiguration - spring.jpa.open-in-view is enabled by default. Therefore, database queries may be performed during view rendering. Explicitly configure spring.jpa.open-in-view to disable this warning
2024-09-16 15:50:47 INFO  o.s.s.c.a.a.c.InitializeAuthenticationProviderBeanManagerConfigurer$InitializeAuthenticationProviderManagerConfigurer - Global AuthenticationManager configured with AuthenticationProvider bean with name authenticationProvider
2024-09-16 15:50:47 WARN  o.s.s.c.a.a.c.InitializeUserDetailsBeanManagerConfigurer$InitializeUserDetailsManagerConfigurer - Global AuthenticationManager configured with an AuthenticationProvider bean. UserDetailsService beans will not be used for username/password login. Consider removing the AuthenticationProvider bean. Alternatively, consider using the UserDetailsService in a manually instantiated DaoAuthenticationProvider.
2024-09-16 15:50:47 INFO  o.s.b.a.w.s.WelcomePageHandlerMapping - Adding welcome page: class path resource [static/index.html]
2024-09-16 15:50:48 INFO  o.s.b.d.a.OptionalLiveReloadServer - LiveReload server is running on port 35729
2024-09-16 15:50:48 INFO  o.a.coyote.http11.Http11NioProtocol - Starting ProtocolHandler ["http-nio-8080"]
2024-09-16 15:50:48 INFO  o.s.b.w.e.tomcat.TomcatWebServer - Tomcat started on port 8080 (http) with context path '/'
2024-09-16 15:50:48 INFO  o.e.s.SpringBootProjectApplication - Started SpringBootProjectApplication in 6.275 seconds (process running for 6.995)
2024-09-16 15:50:48 INFO  o.a.c.c.C.[Tomcat].[localhost].[/] - Initializing Spring DispatcherServlet 'dispatcherServlet'
2024-09-16 15:50:48 INFO  o.s.web.servlet.DispatcherServlet - Initializing Servlet 'dispatcherServlet'
2024-09-16 15:50:48 INFO  o.s.web.servlet.DispatcherServlet - Completed initialization in 1 ms
2024-09-16 15:51:05 WARN  o.h.e.jdbc.spi.SqlExceptionHelper - SQL Error: 1062, SQLState: 23000
2024-09-16 15:51:05 ERROR o.h.e.jdbc.spi.SqlExceptionHelper - Duplicate entry 'chiendam1203@gmail.com' for key 'users.email'
2024-09-16 15:51:18 WARN  o.h.e.jdbc.spi.SqlExceptionHelper - SQL Error: 1062, SQLState: 23000
2024-09-16 15:51:18 ERROR o.h.e.jdbc.spi.SqlExceptionHelper - Duplicate entry 'chiendam1203@gmail.com' for key 'users.email'
2024-09-16 16:05:15 INFO  o.s.o.j.LocalContainerEntityManagerFactoryBean - Closing JPA EntityManagerFactory for persistence unit 'default'
2024-09-16 16:05:15 INFO  com.zaxxer.hikari.HikariDataSource - HikariPool-1 - Shutdown initiated...
2024-09-16 16:05:15 INFO  com.zaxxer.hikari.HikariDataSource - HikariPool-1 - Shutdown completed.
2024-09-16 16:05:21 INFO  o.h.validator.internal.util.Version - HV000001: Hibernate Validator 8.0.1.Final
2024-09-16 16:05:21 INFO  o.e.s.SpringBootProjectApplication - Starting SpringBootProjectApplication using Java 22.0.2 with PID 6104 (D:\VMO\SpringBootProject\backend\target\classes started by chien in D:\VMO\SpringBootProject\backend)
2024-09-16 16:05:21 INFO  o.e.s.SpringBootProjectApplication - No active profile set, falling back to 1 default profile: "default"
2024-09-16 16:05:21 INFO  o.s.b.d.e.DevToolsPropertyDefaultsPostProcessor - Devtools property defaults active! Set 'spring.devtools.add-properties' to 'false' to disable
2024-09-16 16:05:21 INFO  o.s.b.d.e.DevToolsPropertyDefaultsPostProcessor - For additional web related logging consider setting the 'logging.level.web' property to 'DEBUG'
2024-09-16 16:05:22 INFO  o.s.d.r.c.RepositoryConfigurationDelegate - Bootstrapping Spring Data JPA repositories in DEFAULT mode.
2024-09-16 16:05:22 INFO  o.s.d.r.c.RepositoryConfigurationDelegate - Finished Spring Data repository scanning in 56 ms. Found 3 JPA repository interfaces.
2024-09-16 16:05:23 INFO  o.s.b.w.e.tomcat.TomcatWebServer - Tomcat initialized with port 8080 (http)
2024-09-16 16:05:23 INFO  o.a.coyote.http11.Http11NioProtocol - Initializing ProtocolHandler ["http-nio-8080"]
2024-09-16 16:05:23 INFO  o.a.catalina.core.StandardService - Starting service [Tomcat]
2024-09-16 16:05:23 INFO  o.a.catalina.core.StandardEngine - Starting Servlet engine: [Apache Tomcat/10.1.28]
2024-09-16 16:05:23 INFO  o.a.c.c.C.[Tomcat].[localhost].[/] - Initializing Spring embedded WebApplicationContext
2024-09-16 16:05:23 INFO  o.s.b.w.s.c.ServletWebServerApplicationContext - Root WebApplicationContext: initialization completed in 1790 ms
2024-09-16 16:05:23 INFO  o.h.jpa.internal.util.LogHelper - HHH000204: Processing PersistenceUnitInfo [name: default]
2024-09-16 16:05:23 INFO  org.hibernate.Version - HHH000412: Hibernate ORM core version 6.5.2.Final
2024-09-16 16:05:23 INFO  o.h.c.i.RegionFactoryInitiator - HHH000026: Second-level cache disabled
2024-09-16 16:05:24 INFO  o.s.o.j.p.SpringPersistenceUnitInfo - No LoadTimeWeaver setup: ignoring JPA class transformer
2024-09-16 16:05:24 INFO  com.zaxxer.hikari.HikariDataSource - HikariPool-1 - Starting...
2024-09-16 16:05:24 INFO  com.zaxxer.hikari.pool.HikariPool - HikariPool-1 - Added connection com.mysql.cj.jdbc.ConnectionImpl@508b9b83
2024-09-16 16:05:24 INFO  com.zaxxer.hikari.HikariDataSource - HikariPool-1 - Start completed.
2024-09-16 16:05:25 INFO  o.h.e.t.j.p.i.JtaPlatformInitiator - HHH000489: No JTA platform available (set 'hibernate.transaction.jta.platform' to enable JTA platform integration)
2024-09-16 16:05:25 INFO  o.s.o.j.LocalContainerEntityManagerFactoryBean - Initialized JPA EntityManagerFactory for persistence unit 'default'
2024-09-16 16:05:26 INFO  o.s.d.j.r.query.QueryEnhancerFactory - Hibernate is in classpath; If applicable, HQL parser will be used.
2024-09-16 16:05:26 WARN  o.s.b.a.o.j.JpaBaseConfiguration$JpaWebConfiguration - spring.jpa.open-in-view is enabled by default. Therefore, database queries may be performed during view rendering. Explicitly configure spring.jpa.open-in-view to disable this warning
2024-09-16 16:05:27 INFO  o.s.s.c.a.a.c.InitializeAuthenticationProviderBeanManagerConfigurer$InitializeAuthenticationProviderManagerConfigurer - Global AuthenticationManager configured with AuthenticationProvider bean with name authenticationProvider
2024-09-16 16:05:27 WARN  o.s.s.c.a.a.c.InitializeUserDetailsBeanManagerConfigurer$InitializeUserDetailsManagerConfigurer - Global AuthenticationManager configured with an AuthenticationProvider bean. UserDetailsService beans will not be used for username/password login. Consider removing the AuthenticationProvider bean. Alternatively, consider using the UserDetailsService in a manually instantiated DaoAuthenticationProvider.
2024-09-16 16:05:27 INFO  o.s.b.a.w.s.WelcomePageHandlerMapping - Adding welcome page: class path resource [static/index.html]
2024-09-16 16:05:27 INFO  o.s.b.d.a.OptionalLiveReloadServer - LiveReload server is running on port 35729
2024-09-16 16:05:27 INFO  o.a.coyote.http11.Http11NioProtocol - Starting ProtocolHandler ["http-nio-8080"]
2024-09-16 16:05:27 INFO  o.s.b.w.e.tomcat.TomcatWebServer - Tomcat started on port 8080 (http) with context path '/'
2024-09-16 16:05:27 INFO  o.e.s.SpringBootProjectApplication - Started SpringBootProjectApplication in 6.376 seconds (process running for 7.456)
2024-09-16 16:06:31 INFO  o.a.c.c.C.[Tomcat].[localhost].[/] - Initializing Spring DispatcherServlet 'dispatcherServlet'
2024-09-16 16:06:31 INFO  o.s.web.servlet.DispatcherServlet - Initializing Servlet 'dispatcherServlet'
2024-09-16 16:06:31 INFO  o.s.web.servlet.DispatcherServlet - Completed initialization in 1 ms
2024-09-16 16:06:32 WARN  o.s.w.s.m.m.a.ExceptionHandlerExceptionResolver - Resolved [org.springframework.web.bind.MethodArgumentNotValidException: Validation failed for argument [1] in public org.springframework.http.ResponseEntity<org.example.springbootproject.payload.response.ApiResponse<org.example.springbootproject.dto.UserDto>> org.example.springbootproject.controller.UserController.update(int,org.example.springbootproject.payload.request.ProfileUpdateRequest) with 3 errors: [Field error in object 'profileUpdateRequest' on field 'phoneNumber': rejected value [2342342]; codes [Pattern.profileUpdateRequest.phoneNumber,Pattern.phoneNumber,Pattern.java.lang.String,Pattern]; arguments [org.springframework.context.support.DefaultMessageSourceResolvable: codes [profileUpdateRequest.phoneNumber,phoneNumber]; arguments []; default message [phoneNumber],[Ljakarta.validation.constraints.Pattern$Flag;@367abc2d,^[+]?[0-9]{10,15}$]; default message [E-CM-006]] [Error in object 'profileUpdateRequest': codes [FieldDuplicate.profileUpdateRequest,FieldDuplicate]; arguments [org.springframework.context.support.DefaultMessageSourceResolvable: codes [profileUpdateRequest]; arguments []; default message [],phoneNumber,id]; default message [E-CM-007]] [Error in object 'profileUpdateRequest': codes [FieldDuplicate.profileUpdateRequest,FieldDuplicate]; arguments [org.springframework.context.support.DefaultMessageSourceResolvable: codes [profileUpdateRequest]; arguments []; default message [],email,id]; default message [E-CM-007]] ]
2024-09-16 16:07:16 WARN  o.s.w.s.m.m.a.ExceptionHandlerExceptionResolver - Resolved [org.springframework.web.bind.MethodArgumentNotValidException: Validation failed for argument [1] in public org.springframework.http.ResponseEntity<org.example.springbootproject.payload.response.ApiResponse<org.example.springbootproject.dto.UserDto>> org.example.springbootproject.controller.UserController.update(int,org.example.springbootproject.payload.request.ProfileUpdateRequest) with 2 errors: [Error in object 'profileUpdateRequest': codes [FieldDuplicate.profileUpdateRequest,FieldDuplicate]; arguments [org.springframework.context.support.DefaultMessageSourceResolvable: codes [profileUpdateRequest]; arguments []; default message [],email,id]; default message [E-CM-007]] [Error in object 'profileUpdateRequest': codes [FieldDuplicate.profileUpdateRequest,FieldDuplicate]; arguments [org.springframework.context.support.DefaultMessageSourceResolvable: codes [profileUpdateRequest]; arguments []; default message [],phoneNumber,id]; default message [E-CM-007]] ]
2024-09-16 16:13:20 INFO  o.s.o.j.LocalContainerEntityManagerFactoryBean - Closing JPA EntityManagerFactory for persistence unit 'default'
2024-09-16 16:13:20 INFO  com.zaxxer.hikari.HikariDataSource - HikariPool-1 - Shutdown initiated...
2024-09-16 16:13:20 INFO  com.zaxxer.hikari.HikariDataSource - HikariPool-1 - Shutdown completed.
2024-09-16 16:13:28 INFO  o.h.validator.internal.util.Version - HV000001: Hibernate Validator 8.0.1.Final
2024-09-16 16:13:28 INFO  o.e.s.SpringBootProjectApplication - Starting SpringBootProjectApplication using Java 22.0.2 with PID 2448 (D:\VMO\SpringBootProject\backend\target\classes started by chien in D:\VMO\SpringBootProject\backend)
2024-09-16 16:13:28 INFO  o.e.s.SpringBootProjectApplication - No active profile set, falling back to 1 default profile: "default"
2024-09-16 16:13:28 INFO  o.s.b.d.e.DevToolsPropertyDefaultsPostProcessor - Devtools property defaults active! Set 'spring.devtools.add-properties' to 'false' to disable
2024-09-16 16:13:28 INFO  o.s.b.d.e.DevToolsPropertyDefaultsPostProcessor - For additional web related logging consider setting the 'logging.level.web' property to 'DEBUG'
2024-09-16 16:13:29 INFO  o.s.d.r.c.RepositoryConfigurationDelegate - Bootstrapping Spring Data JPA repositories in DEFAULT mode.
2024-09-16 16:13:29 INFO  o.s.d.r.c.RepositoryConfigurationDelegate - Finished Spring Data repository scanning in 63 ms. Found 3 JPA repository interfaces.
2024-09-16 16:13:30 INFO  o.s.b.w.e.tomcat.TomcatWebServer - Tomcat initialized with port 8080 (http)
2024-09-16 16:13:30 INFO  o.a.coyote.http11.Http11NioProtocol - Initializing ProtocolHandler ["http-nio-8080"]
2024-09-16 16:13:30 INFO  o.a.catalina.core.StandardService - Starting service [Tomcat]
2024-09-16 16:13:30 INFO  o.a.catalina.core.StandardEngine - Starting Servlet engine: [Apache Tomcat/10.1.28]
2024-09-16 16:13:30 INFO  o.a.c.c.C.[Tomcat].[localhost].[/] - Initializing Spring embedded WebApplicationContext
2024-09-16 16:13:30 INFO  o.s.b.w.s.c.ServletWebServerApplicationContext - Root WebApplicationContext: initialization completed in 2024 ms
2024-09-16 16:13:30 INFO  o.h.jpa.internal.util.LogHelper - HHH000204: Processing PersistenceUnitInfo [name: default]
2024-09-16 16:13:30 INFO  org.hibernate.Version - HHH000412: Hibernate ORM core version 6.5.2.Final
2024-09-16 16:13:30 INFO  o.h.c.i.RegionFactoryInitiator - HHH000026: Second-level cache disabled
2024-09-16 16:13:30 INFO  o.s.o.j.p.SpringPersistenceUnitInfo - No LoadTimeWeaver setup: ignoring JPA class transformer
2024-09-16 16:13:30 INFO  com.zaxxer.hikari.HikariDataSource - HikariPool-1 - Starting...
2024-09-16 16:13:31 INFO  com.zaxxer.hikari.pool.HikariPool - HikariPool-1 - Added connection com.mysql.cj.jdbc.ConnectionImpl@84cd010
2024-09-16 16:13:31 INFO  com.zaxxer.hikari.HikariDataSource - HikariPool-1 - Start completed.
2024-09-16 16:13:32 INFO  o.h.e.t.j.p.i.JtaPlatformInitiator - HHH000489: No JTA platform available (set 'hibernate.transaction.jta.platform' to enable JTA platform integration)
2024-09-16 16:13:32 INFO  o.s.o.j.LocalContainerEntityManagerFactoryBean - Initialized JPA EntityManagerFactory for persistence unit 'default'
2024-09-16 16:13:32 INFO  o.s.d.j.r.query.QueryEnhancerFactory - Hibernate is in classpath; If applicable, HQL parser will be used.
2024-09-16 16:13:33 WARN  o.s.b.a.o.j.JpaBaseConfiguration$JpaWebConfiguration - spring.jpa.open-in-view is enabled by default. Therefore, database queries may be performed during view rendering. Explicitly configure spring.jpa.open-in-view to disable this warning
2024-09-16 16:13:33 INFO  o.s.s.c.a.a.c.InitializeAuthenticationProviderBeanManagerConfigurer$InitializeAuthenticationProviderManagerConfigurer - Global AuthenticationManager configured with AuthenticationProvider bean with name authenticationProvider
2024-09-16 16:13:33 WARN  o.s.s.c.a.a.c.InitializeUserDetailsBeanManagerConfigurer$InitializeUserDetailsManagerConfigurer - Global AuthenticationManager configured with an AuthenticationProvider bean. UserDetailsService beans will not be used for username/password login. Consider removing the AuthenticationProvider bean. Alternatively, consider using the UserDetailsService in a manually instantiated DaoAuthenticationProvider.
2024-09-16 16:13:34 INFO  o.s.b.a.w.s.WelcomePageHandlerMapping - Adding welcome page: class path resource [static/index.html]
2024-09-16 16:13:34 INFO  o.s.b.d.a.OptionalLiveReloadServer - LiveReload server is running on port 35729
2024-09-16 16:13:34 INFO  o.s.b.w.e.tomcat.TomcatWebServer - Tomcat started on port 8080 (http) with context path '/'
2024-09-16 16:13:34 INFO  o.e.s.SpringBootProjectApplication - Started SpringBootProjectApplication in 7.005 seconds (process running for 8.12)
2024-09-16 16:13:34 INFO  o.s.o.j.LocalContainerEntityManagerFactoryBean - Closing JPA EntityManagerFactory for persistence unit 'default'
2024-09-16 16:13:34 INFO  com.zaxxer.hikari.HikariDataSource - HikariPool-1 - Shutdown initiated...
2024-09-16 16:13:34 INFO  com.zaxxer.hikari.HikariDataSource - HikariPool-1 - Shutdown completed.
2024-09-16 16:13:36 INFO  o.h.validator.internal.util.Version - HV000001: Hibernate Validator 8.0.1.Final
2024-09-16 16:13:36 INFO  o.e.s.SpringBootProjectApplication - Starting SpringBootProjectApplication using Java 22.0.2 with PID 14864 (D:\VMO\SpringBootProject\backend\target\classes started by chien in D:\VMO\SpringBootProject\backend)
2024-09-16 16:13:36 INFO  o.e.s.SpringBootProjectApplication - No active profile set, falling back to 1 default profile: "default"
2024-09-16 16:13:36 INFO  o.s.b.d.e.DevToolsPropertyDefaultsPostProcessor - Devtools property defaults active! Set 'spring.devtools.add-properties' to 'false' to disable
2024-09-16 16:13:36 INFO  o.s.b.d.e.DevToolsPropertyDefaultsPostProcessor - For additional web related logging consider setting the 'logging.level.web' property to 'DEBUG'
2024-09-16 16:13:37 INFO  o.s.d.r.c.RepositoryConfigurationDelegate - Bootstrapping Spring Data JPA repositories in DEFAULT mode.
2024-09-16 16:13:37 INFO  o.s.d.r.c.RepositoryConfigurationDelegate - Finished Spring Data repository scanning in 52 ms. Found 3 JPA repository interfaces.
2024-09-16 16:13:38 INFO  o.s.b.w.e.tomcat.TomcatWebServer - Tomcat initialized with port 8080 (http)
2024-09-16 16:13:38 INFO  o.a.coyote.http11.Http11NioProtocol - Initializing ProtocolHandler ["http-nio-8080"]
2024-09-16 16:13:38 INFO  o.a.catalina.core.StandardService - Starting service [Tomcat]
2024-09-16 16:13:38 INFO  o.a.catalina.core.StandardEngine - Starting Servlet engine: [Apache Tomcat/10.1.28]
2024-09-16 16:13:38 INFO  o.a.c.c.C.[Tomcat].[localhost].[/] - Initializing Spring embedded WebApplicationContext
2024-09-16 16:13:38 INFO  o.s.b.w.s.c.ServletWebServerApplicationContext - Root WebApplicationContext: initialization completed in 1441 ms
2024-09-16 16:13:38 INFO  o.h.jpa.internal.util.LogHelper - HHH000204: Processing PersistenceUnitInfo [name: default]
2024-09-16 16:13:38 INFO  org.hibernate.Version - HHH000412: Hibernate ORM core version 6.5.2.Final
2024-09-16 16:13:38 INFO  o.h.c.i.RegionFactoryInitiator - HHH000026: Second-level cache disabled
2024-09-16 16:13:38 INFO  o.s.o.j.p.SpringPersistenceUnitInfo - No LoadTimeWeaver setup: ignoring JPA class transformer
2024-09-16 16:13:38 INFO  com.zaxxer.hikari.HikariDataSource - HikariPool-1 - Starting...
2024-09-16 16:13:39 INFO  com.zaxxer.hikari.pool.HikariPool - HikariPool-1 - Added connection com.mysql.cj.jdbc.ConnectionImpl@7816d9a4
2024-09-16 16:13:39 INFO  com.zaxxer.hikari.HikariDataSource - HikariPool-1 - Start completed.
2024-09-16 16:13:40 INFO  o.h.e.t.j.p.i.JtaPlatformInitiator - HHH000489: No JTA platform available (set 'hibernate.transaction.jta.platform' to enable JTA platform integration)
2024-09-16 16:13:40 INFO  o.s.o.j.LocalContainerEntityManagerFactoryBean - Initialized JPA EntityManagerFactory for persistence unit 'default'
2024-09-16 16:13:40 INFO  o.s.d.j.r.query.QueryEnhancerFactory - Hibernate is in classpath; If applicable, HQL parser will be used.
2024-09-16 16:13:41 WARN  o.s.b.a.o.j.JpaBaseConfiguration$JpaWebConfiguration - spring.jpa.open-in-view is enabled by default. Therefore, database queries may be performed during view rendering. Explicitly configure spring.jpa.open-in-view to disable this warning
2024-09-16 16:13:41 INFO  o.s.s.c.a.a.c.InitializeAuthenticationProviderBeanManagerConfigurer$InitializeAuthenticationProviderManagerConfigurer - Global AuthenticationManager configured with AuthenticationProvider bean with name authenticationProvider
2024-09-16 16:13:41 WARN  o.s.s.c.a.a.c.InitializeUserDetailsBeanManagerConfigurer$InitializeUserDetailsManagerConfigurer - Global AuthenticationManager configured with an AuthenticationProvider bean. UserDetailsService beans will not be used for username/password login. Consider removing the AuthenticationProvider bean. Alternatively, consider using the UserDetailsService in a manually instantiated DaoAuthenticationProvider.
2024-09-16 16:13:41 INFO  o.s.b.a.w.s.WelcomePageHandlerMapping - Adding welcome page: class path resource [static/index.html]
2024-09-16 16:13:42 INFO  o.s.b.d.a.OptionalLiveReloadServer - LiveReload server is running on port 35729
2024-09-16 16:13:42 INFO  o.a.coyote.http11.Http11NioProtocol - Starting ProtocolHandler ["http-nio-8080"]
2024-09-16 16:13:42 INFO  o.s.b.w.e.tomcat.TomcatWebServer - Tomcat started on port 8080 (http) with context path '/'
2024-09-16 16:13:42 INFO  o.e.s.SpringBootProjectApplication - Started SpringBootProjectApplication in 6.123 seconds (process running for 6.913)
2024-09-16 16:14:07 INFO  o.a.c.c.C.[Tomcat].[localhost].[/] - Initializing Spring DispatcherServlet 'dispatcherServlet'
2024-09-16 16:14:07 INFO  o.s.web.servlet.DispatcherServlet - Initializing Servlet 'dispatcherServlet'
2024-09-16 16:14:07 INFO  o.s.web.servlet.DispatcherServlet - Completed initialization in 7 ms
2024-09-16 16:14:41 WARN  o.s.w.s.m.m.a.ExceptionHandlerExceptionResolver - Resolved [org.springframework.web.bind.MethodArgumentNotValidException: Validation failed for argument [1] in public org.springframework.http.ResponseEntity<org.example.springbootproject.payload.response.ApiResponse<org.example.springbootproject.dto.UserDto>> org.example.springbootproject.controller.UserController.update(int,org.example.springbootproject.payload.request.ProfileUpdateRequest): [Error in object 'profileUpdateRequest': codes [FieldDuplicate.profileUpdateRequest,FieldDuplicate]; arguments [org.springframework.context.support.DefaultMessageSourceResolvable: codes [profileUpdateRequest]; arguments []; default message [],phoneNumber,id]; default message [E-CM-009]] ]
2024-09-16 16:24:01 INFO  o.s.o.j.LocalContainerEntityManagerFactoryBean - Closing JPA EntityManagerFactory for persistence unit 'default'
2024-09-16 16:24:01 INFO  com.zaxxer.hikari.HikariDataSource - HikariPool-1 - Shutdown initiated...
2024-09-16 16:24:01 INFO  com.zaxxer.hikari.HikariDataSource - HikariPool-1 - Shutdown completed.
2024-09-16 16:24:07 INFO  o.h.validator.internal.util.Version - HV000001: Hibernate Validator 8.0.1.Final
2024-09-16 16:24:07 INFO  o.e.s.SpringBootProjectApplication - Starting SpringBootProjectApplication using Java 22.0.2 with PID 12376 (D:\VMO\SpringBootProject\backend\target\classes started by chien in D:\VMO\SpringBootProject\backend)
2024-09-16 16:24:07 INFO  o.e.s.SpringBootProjectApplication - No active profile set, falling back to 1 default profile: "default"
2024-09-16 16:24:07 INFO  o.s.b.d.e.DevToolsPropertyDefaultsPostProcessor - Devtools property defaults active! Set 'spring.devtools.add-properties' to 'false' to disable
2024-09-16 16:24:07 INFO  o.s.b.d.e.DevToolsPropertyDefaultsPostProcessor - For additional web related logging consider setting the 'logging.level.web' property to 'DEBUG'
2024-09-16 16:24:08 INFO  o.s.d.r.c.RepositoryConfigurationDelegate - Bootstrapping Spring Data JPA repositories in DEFAULT mode.
2024-09-16 16:24:08 INFO  o.s.d.r.c.RepositoryConfigurationDelegate - Finished Spring Data repository scanning in 58 ms. Found 3 JPA repository interfaces.
2024-09-16 16:24:08 INFO  o.s.b.w.e.tomcat.TomcatWebServer - Tomcat initialized with port 8080 (http)
2024-09-16 16:24:08 INFO  o.a.coyote.http11.Http11NioProtocol - Initializing ProtocolHandler ["http-nio-8080"]
2024-09-16 16:24:08 INFO  o.a.catalina.core.StandardService - Starting service [Tomcat]
2024-09-16 16:24:08 INFO  o.a.catalina.core.StandardEngine - Starting Servlet engine: [Apache Tomcat/10.1.28]
2024-09-16 16:24:09 INFO  o.a.c.c.C.[Tomcat].[localhost].[/] - Initializing Spring embedded WebApplicationContext
2024-09-16 16:24:09 INFO  o.s.b.w.s.c.ServletWebServerApplicationContext - Root WebApplicationContext: initialization completed in 1741 ms
2024-09-16 16:24:09 INFO  o.h.jpa.internal.util.LogHelper - HHH000204: Processing PersistenceUnitInfo [name: default]
2024-09-16 16:24:09 INFO  org.hibernate.Version - HHH000412: Hibernate ORM core version 6.5.2.Final
2024-09-16 16:24:09 INFO  o.h.c.i.RegionFactoryInitiator - HHH000026: Second-level cache disabled
2024-09-16 16:24:09 INFO  o.s.o.j.p.SpringPersistenceUnitInfo - No LoadTimeWeaver setup: ignoring JPA class transformer
2024-09-16 16:24:09 INFO  com.zaxxer.hikari.HikariDataSource - HikariPool-1 - Starting...
2024-09-16 16:24:10 INFO  com.zaxxer.hikari.pool.HikariPool - HikariPool-1 - Added connection com.mysql.cj.jdbc.ConnectionImpl@12d219a6
2024-09-16 16:24:10 INFO  com.zaxxer.hikari.HikariDataSource - HikariPool-1 - Start completed.
2024-09-16 16:24:11 INFO  o.h.e.t.j.p.i.JtaPlatformInitiator - HHH000489: No JTA platform available (set 'hibernate.transaction.jta.platform' to enable JTA platform integration)
2024-09-16 16:24:11 INFO  o.s.o.j.LocalContainerEntityManagerFactoryBean - Initialized JPA EntityManagerFactory for persistence unit 'default'
2024-09-16 16:24:11 INFO  o.s.d.j.r.query.QueryEnhancerFactory - Hibernate is in classpath; If applicable, HQL parser will be used.
2024-09-16 16:24:12 WARN  o.s.b.a.o.j.JpaBaseConfiguration$JpaWebConfiguration - spring.jpa.open-in-view is enabled by default. Therefore, database queries may be performed during view rendering. Explicitly configure spring.jpa.open-in-view to disable this warning
2024-09-16 16:24:12 INFO  o.s.s.c.a.a.c.InitializeAuthenticationProviderBeanManagerConfigurer$InitializeAuthenticationProviderManagerConfigurer - Global AuthenticationManager configured with AuthenticationProvider bean with name authenticationProvider
2024-09-16 16:24:12 WARN  o.s.s.c.a.a.c.InitializeUserDetailsBeanManagerConfigurer$InitializeUserDetailsManagerConfigurer - Global AuthenticationManager configured with an AuthenticationProvider bean. UserDetailsService beans will not be used for username/password login. Consider removing the AuthenticationProvider bean. Alternatively, consider using the UserDetailsService in a manually instantiated DaoAuthenticationProvider.
2024-09-16 16:24:12 INFO  o.s.b.a.w.s.WelcomePageHandlerMapping - Adding welcome page: class path resource [static/index.html]
2024-09-16 16:24:13 INFO  o.s.b.d.a.OptionalLiveReloadServer - LiveReload server is running on port 35729
2024-09-16 16:24:13 INFO  o.a.coyote.http11.Http11NioProtocol - Starting ProtocolHandler ["http-nio-8080"]
2024-09-16 16:24:13 INFO  o.s.b.w.e.tomcat.TomcatWebServer - Tomcat started on port 8080 (http) with context path '/'
2024-09-16 16:24:13 INFO  o.e.s.SpringBootProjectApplication - Started SpringBootProjectApplication in 6.94 seconds (process running for 7.905)
2024-09-16 16:24:14 INFO  o.a.c.c.C.[Tomcat].[localhost].[/] - Initializing Spring DispatcherServlet 'dispatcherServlet'
2024-09-16 16:24:14 INFO  o.s.web.servlet.DispatcherServlet - Initializing Servlet 'dispatcherServlet'
2024-09-16 16:24:14 INFO  o.s.web.servlet.DispatcherServlet - Completed initialization in 1 ms
2024-09-16 16:24:15 WARN  o.s.w.s.m.m.a.ExceptionHandlerExceptionResolver - Resolved [org.springframework.web.bind.MethodArgumentNotValidException: Validation failed for argument [0] in public org.springframework.http.ResponseEntity<?> org.example.springbootproject.controller.AuthController.getOtpCode(org.example.springbootproject.payload.request.ForgotPasswordRequest): [Field error in object 'forgotPasswordRequest' on field 'email': rejected value [chiendam12030@gmail.com]; codes [FieldExist.forgotPasswordRequest.email,FieldExist.email,FieldExist.java.lang.String,FieldExist]; arguments [org.springframework.context.support.DefaultMessageSourceResolvable: codes [forgotPasswordRequest.email,email]; arguments []; default message [email],email]; default message [E-CM-008]] ]
2024-09-16 16:24:21 WARN  o.s.w.s.m.m.a.ExceptionHandlerExceptionResolver - Resolved [org.springframework.web.bind.MethodArgumentNotValidException: Validation failed for argument [0] in public org.springframework.http.ResponseEntity<?> org.example.springbootproject.controller.AuthController.resetPassword(org.example.springbootproject.payload.request.ResetPasswordRequest): [Field error in object 'resetPasswordRequest' on field 'email': rejected value [chiendam12030@gmail.com]; codes [FieldExist.resetPasswordRequest.email,FieldExist.email,FieldExist.java.lang.String,FieldExist]; arguments [org.springframework.context.support.DefaultMessageSourceResolvable: codes [resetPasswordRequest.email,email]; arguments []; default message [email],email]; default message [E-CM-008]] ]
2024-09-16 16:27:27 WARN  o.s.w.s.m.m.a.ExceptionHandlerExceptionResolver - Resolved [org.springframework.web.bind.MethodArgumentNotValidException: Validation failed for argument [0] in public org.springframework.http.ResponseEntity<?> org.example.springbootproject.controller.AuthController.getOtpCode(org.example.springbootproject.payload.request.ForgotPasswordRequest): [Field error in object 'forgotPasswordRequest' on field 'email': rejected value [cdscdsacasdc]; codes [FieldExist.forgotPasswordRequest.email,FieldExist.email,FieldExist.java.lang.String,FieldExist]; arguments [org.springframework.context.support.DefaultMessageSourceResolvable: codes [forgotPasswordRequest.email,email]; arguments []; default message [email],email]; default message [E-CM-008]] ]
2024-09-16 16:29:37 WARN  o.s.w.s.m.m.a.ExceptionHandlerExceptionResolver - Resolved [org.springframework.web.bind.MethodArgumentNotValidException: Validation failed for argument [0] in public org.springframework.http.ResponseEntity<?> org.example.springbootproject.controller.AuthController.getOtpCode(org.example.springbootproject.payload.request.ForgotPasswordRequest): [Field error in object 'forgotPasswordRequest' on field 'email': rejected value [casdcascda]; codes [FieldExist.forgotPasswordRequest.email,FieldExist.email,FieldExist.java.lang.String,FieldExist]; arguments [org.springframework.context.support.DefaultMessageSourceResolvable: codes [forgotPasswordRequest.email,email]; arguments []; default message [email],email]; default message [E-CM-008]] ]
2024-09-16 16:31:11 WARN  o.s.w.s.m.m.a.ExceptionHandlerExceptionResolver - Resolved [org.springframework.web.bind.MethodArgumentNotValidException: Validation failed for argument [0] in public org.springframework.http.ResponseEntity<?> org.example.springbootproject.controller.AuthController.getOtpCode(org.example.springbootproject.payload.request.ForgotPasswordRequest): [Field error in object 'forgotPasswordRequest' on field 'email': rejected value [cadscads]; codes [FieldExist.forgotPasswordRequest.email,FieldExist.email,FieldExist.java.lang.String,FieldExist]; arguments [org.springframework.context.support.DefaultMessageSourceResolvable: codes [forgotPasswordRequest.email,email]; arguments []; default message [email],email]; default message [E-CM-008]] ]
2024-09-16 16:32:59 WARN  o.s.w.s.m.m.a.ExceptionHandlerExceptionResolver - Resolved [org.springframework.web.bind.MethodArgumentNotValidException: Validation failed for argument [0] in public org.springframework.http.ResponseEntity<?> org.example.springbootproject.controller.AuthController.getOtpCode(org.example.springbootproject.payload.request.ForgotPasswordRequest): [Field error in object 'forgotPasswordRequest' on field 'email': rejected value [cdcd]; codes [FieldExist.forgotPasswordRequest.email,FieldExist.email,FieldExist.java.lang.String,FieldExist]; arguments [org.springframework.context.support.DefaultMessageSourceResolvable: codes [forgotPasswordRequest.email,email]; arguments []; default message [email],email]; default message [E-CM-008]] ]
2024-09-16 16:35:10 WARN  o.s.w.s.m.m.a.ExceptionHandlerExceptionResolver - Resolved [org.springframework.web.bind.MethodArgumentNotValidException: Validation failed for argument [0] in public org.springframework.http.ResponseEntity<?> org.example.springbootproject.controller.AuthController.getOtpCode(org.example.springbootproject.payload.request.ForgotPasswordRequest): [Field error in object 'forgotPasswordRequest' on field 'email': rejected value [sdcsdc]; codes [FieldExist.forgotPasswordRequest.email,FieldExist.email,FieldExist.java.lang.String,FieldExist]; arguments [org.springframework.context.support.DefaultMessageSourceResolvable: codes [forgotPasswordRequest.email,email]; arguments []; default message [email],email]; default message [E-CM-008]] ]
2024-09-16 16:37:34 WARN  o.s.w.s.m.m.a.ExceptionHandlerExceptionResolver - Resolved [org.springframework.web.bind.MethodArgumentNotValidException: Validation failed for argument [0] in public org.springframework.http.ResponseEntity<?> org.example.springbootproject.controller.AuthController.getOtpCode(org.example.springbootproject.payload.request.ForgotPasswordRequest): [Field error in object 'forgotPasswordRequest' on field 'email': rejected value [cadcads]; codes [FieldExist.forgotPasswordRequest.email,FieldExist.email,FieldExist.java.lang.String,FieldExist]; arguments [org.springframework.context.support.DefaultMessageSourceResolvable: codes [forgotPasswordRequest.email,email]; arguments []; default message [email],email]; default message [E-CM-008]] ]
2024-09-16 16:40:18 WARN  o.s.w.s.m.m.a.ExceptionHandlerExceptionResolver - Resolved [org.springframework.web.bind.MethodArgumentNotValidException: Validation failed for argument [1] in public org.springframework.http.ResponseEntity<org.example.springbootproject.payload.response.ApiResponse<org.example.springbootproject.dto.UserDto>> org.example.springbootproject.controller.UserController.update(int,org.example.springbootproject.payload.request.ProfileUpdateRequest): [Error in object 'profileUpdateRequest': codes [FieldDuplicate.profileUpdateRequest,FieldDuplicate]; arguments [org.springframework.context.support.DefaultMessageSourceResolvable: codes [profileUpdateRequest]; arguments []; default message [],phoneNumber,id]; default message [E-CM-009]] ]
2024-09-16 16:56:27 WARN  o.s.w.s.m.m.a.ExceptionHandlerExceptionResolver - Resolved [org.springframework.web.bind.MethodArgumentNotValidException: Validation failed for argument [1] in public org.springframework.http.ResponseEntity<org.example.springbootproject.payload.response.ApiResponse<java.lang.String>> org.example.springbootproject.controller.UserController.updatePassword(int,org.example.springbootproject.payload.request.ChangePasswordRequest): [Field error in object 'changePasswordRequest' on field 'newPassword': rejected value [123]; codes [Size.changePasswordRequest.newPassword,Size.newPassword,Size.java.lang.String,Size]; arguments [org.springframework.context.support.DefaultMessageSourceResolvable: codes [changePasswordRequest.newPassword,newPassword]; arguments []; default message [newPassword],100,8]; default message [code:E-PW-001, min:8, max:100]] ]
2024-09-16 17:00:39 ERROR o.e.s.service.BaseService - Bad credentials
2024-09-16 17:00:39 ERROR o.e.s.controller.BaseController - Cannot invoke "org.springframework.security.core.Authentication.isAuthenticated()" because "authenticationResponse" is null
2024-09-17 08:58:07 INFO  o.h.validator.internal.util.Version - HV000001: Hibernate Validator 8.0.1.Final
2024-09-17 08:58:07 INFO  o.e.s.SpringBootProjectApplication - Starting SpringBootProjectApplication using Java 22.0.2 with PID 16508 (D:\VMO\SpringBootProject\backend\target\classes started by chien in D:\VMO\SpringBootProject\backend)
2024-09-17 08:58:07 INFO  o.e.s.SpringBootProjectApplication - No active profile set, falling back to 1 default profile: "default"
2024-09-17 08:58:07 INFO  o.s.b.d.e.DevToolsPropertyDefaultsPostProcessor - Devtools property defaults active! Set 'spring.devtools.add-properties' to 'false' to disable
2024-09-17 08:58:07 INFO  o.s.b.d.e.DevToolsPropertyDefaultsPostProcessor - For additional web related logging consider setting the 'logging.level.web' property to 'DEBUG'
2024-09-17 08:58:09 INFO  o.s.d.r.c.RepositoryConfigurationDelegate - Bootstrapping Spring Data JPA repositories in DEFAULT mode.
2024-09-17 08:58:09 INFO  o.s.d.r.c.RepositoryConfigurationDelegate - Finished Spring Data repository scanning in 52 ms. Found 3 JPA repository interfaces.
2024-09-17 08:58:09 INFO  o.s.b.w.e.tomcat.TomcatWebServer - Tomcat initialized with port 8080 (http)
2024-09-17 08:58:09 INFO  o.a.coyote.http11.Http11NioProtocol - Initializing ProtocolHandler ["http-nio-8080"]
2024-09-17 08:58:09 INFO  o.a.catalina.core.StandardService - Starting service [Tomcat]
2024-09-17 08:58:09 INFO  o.a.catalina.core.StandardEngine - Starting Servlet engine: [Apache Tomcat/10.1.28]
2024-09-17 08:58:09 INFO  o.a.c.c.C.[Tomcat].[localhost].[/] - Initializing Spring embedded WebApplicationContext
2024-09-17 08:58:09 INFO  o.s.b.w.s.c.ServletWebServerApplicationContext - Root WebApplicationContext: initialization completed in 1851 ms
2024-09-17 08:58:09 INFO  o.h.jpa.internal.util.LogHelper - HHH000204: Processing PersistenceUnitInfo [name: default]
2024-09-17 08:58:09 INFO  org.hibernate.Version - HHH000412: Hibernate ORM core version 6.5.2.Final
2024-09-17 08:58:10 INFO  o.h.c.i.RegionFactoryInitiator - HHH000026: Second-level cache disabled
2024-09-17 08:58:10 INFO  o.s.o.j.p.SpringPersistenceUnitInfo - No LoadTimeWeaver setup: ignoring JPA class transformer
2024-09-17 08:58:10 INFO  com.zaxxer.hikari.HikariDataSource - HikariPool-1 - Starting...
2024-09-17 08:58:10 INFO  com.zaxxer.hikari.pool.HikariPool - HikariPool-1 - Added connection com.mysql.cj.jdbc.ConnectionImpl@76ea0c90
2024-09-17 08:58:10 INFO  com.zaxxer.hikari.HikariDataSource - HikariPool-1 - Start completed.
2024-09-17 08:58:12 INFO  o.h.e.t.j.p.i.JtaPlatformInitiator - HHH000489: No JTA platform available (set 'hibernate.transaction.jta.platform' to enable JTA platform integration)
2024-09-17 08:58:12 INFO  o.s.o.j.LocalContainerEntityManagerFactoryBean - Initialized JPA EntityManagerFactory for persistence unit 'default'
2024-09-17 08:58:12 INFO  o.s.d.j.r.query.QueryEnhancerFactory - Hibernate is in classpath; If applicable, HQL parser will be used.
2024-09-17 08:58:14 WARN  o.s.b.a.o.j.JpaBaseConfiguration$JpaWebConfiguration - spring.jpa.open-in-view is enabled by default. Therefore, database queries may be performed during view rendering. Explicitly configure spring.jpa.open-in-view to disable this warning
2024-09-17 08:58:14 INFO  o.s.s.c.a.a.c.InitializeAuthenticationProviderBeanManagerConfigurer$InitializeAuthenticationProviderManagerConfigurer - Global AuthenticationManager configured with AuthenticationProvider bean with name authenticationProvider
2024-09-17 08:58:14 WARN  o.s.s.c.a.a.c.InitializeUserDetailsBeanManagerConfigurer$InitializeUserDetailsManagerConfigurer - Global AuthenticationManager configured with an AuthenticationProvider bean. UserDetailsService beans will not be used for username/password login. Consider removing the AuthenticationProvider bean. Alternatively, consider using the UserDetailsService in a manually instantiated DaoAuthenticationProvider.
2024-09-17 08:58:14 INFO  o.s.b.a.w.s.WelcomePageHandlerMapping - Adding welcome page: class path resource [static/index.html]
2024-09-17 08:58:15 INFO  o.s.b.d.a.OptionalLiveReloadServer - LiveReload server is running on port 35729
2024-09-17 08:58:15 INFO  o.a.coyote.http11.Http11NioProtocol - Starting ProtocolHandler ["http-nio-8080"]
2024-09-17 08:58:15 INFO  o.s.b.w.e.tomcat.TomcatWebServer - Tomcat started on port 8080 (http) with context path '/'
2024-09-17 08:58:15 INFO  o.e.s.SpringBootProjectApplication - Started SpringBootProjectApplication in 7.894 seconds (process running for 9.295)
